[0.609s] Invoking command in '/home/yahboom/RoboticsII_final/finalproject_Team5_ws/src/multirobotctrl': PYTHONPATH=/home/yahboom/RoboticsII_final/finalproject_Team5_ws/build/multirobotctrl/prefix_override:/usr/lib/python3/dist-packages/colcon_core/task/python/colcon_distutils_commands:/home/yahboom/RoboticsII_final/finalproject_Team5_ws/install/multirobotctrl/lib/python3.8/site-packages:${PYTHONPATH} /usr/bin/python3 -W ignore:setup.py install is deprecated -W ignore:easy_install command is deprecated setup.py egg_info --egg-base ../../build/multirobotctrl build --build-base /home/yahboom/RoboticsII_final/finalproject_Team5_ws/build/multirobotctrl/build install --record /home/yahboom/RoboticsII_final/finalproject_Team5_ws/build/multirobotctrl/install.log --install-scripts $base/lib/multirobotctrl --single-version-externally-managed install_data
[0.804s] running egg_info
[0.804s] writing ../../build/multirobotctrl/multirobotctrl.egg-info/PKG-INFO
[0.805s] writing dependency_links to ../../build/multirobotctrl/multirobotctrl.egg-info/dependency_links.txt
[0.805s] writing entry points to ../../build/multirobotctrl/multirobotctrl.egg-info/entry_points.txt
[0.805s] writing requirements to ../../build/multirobotctrl/multirobotctrl.egg-info/requires.txt
[0.805s] writing top-level names to ../../build/multirobotctrl/multirobotctrl.egg-info/top_level.txt
[0.832s] reading manifest file '../../build/multirobotctrl/multirobotctrl.egg-info/SOURCES.txt'
[0.833s] writing manifest file '../../build/multirobotctrl/multirobotctrl.egg-info/SOURCES.txt'
[0.833s] running build
[0.833s] running build_py
[0.833s] copying multirobotctrl/move_robot.py -> /home/yahboom/RoboticsII_final/finalproject_Team5_ws/build/multirobotctrl/build/lib/multirobotctrl
[0.834s] copying multirobotctrl/agreement_algo.py -> /home/yahboom/RoboticsII_final/finalproject_Team5_ws/build/multirobotctrl/build/lib/multirobotctrl
[0.834s] running install
[0.835s] running install_lib
[0.836s] copying /home/yahboom/RoboticsII_final/finalproject_Team5_ws/build/multirobotctrl/build/lib/multirobotctrl/move_robot.py -> /home/yahboom/RoboticsII_final/finalproject_Team5_ws/install/multirobotctrl/lib/python3.8/site-packages/multirobotctrl
[0.836s] copying /home/yahboom/RoboticsII_final/finalproject_Team5_ws/build/multirobotctrl/build/lib/multirobotctrl/agreement_algo.py -> /home/yahboom/RoboticsII_final/finalproject_Team5_ws/install/multirobotctrl/lib/python3.8/site-packages/multirobotctrl
[0.836s] byte-compiling /home/yahboom/RoboticsII_final/finalproject_Team5_ws/install/multirobotctrl/lib/python3.8/site-packages/multirobotctrl/move_robot.py to move_robot.cpython-38.pyc
[0.838s] byte-compiling /home/yahboom/RoboticsII_final/finalproject_Team5_ws/install/multirobotctrl/lib/python3.8/site-packages/multirobotctrl/agreement_algo.py to agreement_algo.cpython-38.pyc
[0.839s] running install_data
[0.840s] running install_egg_info
[0.842s] removing '/home/yahboom/RoboticsII_final/finalproject_Team5_ws/install/multirobotctrl/lib/python3.8/site-packages/multirobotctrl-0.0.0-py3.8.egg-info' (and everything under it)
[0.842s] Copying ../../build/multirobotctrl/multirobotctrl.egg-info to /home/yahboom/RoboticsII_final/finalproject_Team5_ws/install/multirobotctrl/lib/python3.8/site-packages/multirobotctrl-0.0.0-py3.8.egg-info
[0.843s] running install_scripts
[0.861s] Installing coordinate_ctrl script to /home/yahboom/RoboticsII_final/finalproject_Team5_ws/install/multirobotctrl/lib/multirobotctrl
[0.861s] Installing go_to_start_pos script to /home/yahboom/RoboticsII_final/finalproject_Team5_ws/install/multirobotctrl/lib/multirobotctrl
[0.862s] writing list of installed files to '/home/yahboom/RoboticsII_final/finalproject_Team5_ws/build/multirobotctrl/install.log'
[0.880s] Invoked command in '/home/yahboom/RoboticsII_final/finalproject_Team5_ws/src/multirobotctrl' returned '0': PYTHONPATH=/home/yahboom/RoboticsII_final/finalproject_Team5_ws/build/multirobotctrl/prefix_override:/usr/lib/python3/dist-packages/colcon_core/task/python/colcon_distutils_commands:/home/yahboom/RoboticsII_final/finalproject_Team5_ws/install/multirobotctrl/lib/python3.8/site-packages:${PYTHONPATH} /usr/bin/python3 -W ignore:setup.py install is deprecated -W ignore:easy_install command is deprecated setup.py egg_info --egg-base ../../build/multirobotctrl build --build-base /home/yahboom/RoboticsII_final/finalproject_Team5_ws/build/multirobotctrl/build install --record /home/yahboom/RoboticsII_final/finalproject_Team5_ws/build/multirobotctrl/install.log --install-scripts $base/lib/multirobotctrl --single-version-externally-managed install_data
