running egg_info
creating ../../build/multirobotctrl/multirobotctrl.egg-info
writing ../../build/multirobotctrl/multirobotctrl.egg-info/PKG-INFO
writing dependency_links to ../../build/multirobotctrl/multirobotctrl.egg-info/dependency_links.txt
writing entry points to ../../build/multirobotctrl/multirobotctrl.egg-info/entry_points.txt
writing requirements to ../../build/multirobotctrl/multirobotctrl.egg-info/requires.txt
writing top-level names to ../../build/multirobotctrl/multirobotctrl.egg-info/top_level.txt
writing manifest file '../../build/multirobotctrl/multirobotctrl.egg-info/SOURCES.txt'
reading manifest file '../../build/multirobotctrl/multirobotctrl.egg-info/SOURCES.txt'
writing manifest file '../../build/multirobotctrl/multirobotctrl.egg-info/SOURCES.txt'
running build
running build_py
creating /home/yahboom/Desktop/ROB2/finalproject_Team5_ws/build/multirobotctrl/build
creating /home/yahboom/Desktop/ROB2/finalproject_Team5_ws/build/multirobotctrl/build/lib
creating /home/yahboom/Desktop/ROB2/finalproject_Team5_ws/build/multirobotctrl/build/lib/multirobotctrl
copying multirobotctrl/move_robot.py -> /home/yahboom/Desktop/ROB2/finalproject_Team5_ws/build/multirobotctrl/build/lib/multirobotctrl
copying multirobotctrl/agreement_algo.py -> /home/yahboom/Desktop/ROB2/finalproject_Team5_ws/build/multirobotctrl/build/lib/multirobotctrl
copying multirobotctrl/__init__.py -> /home/yahboom/Desktop/ROB2/finalproject_Team5_ws/build/multirobotctrl/build/lib/multirobotctrl
running install
running install_lib
creating /home/yahboom/Desktop/ROB2/finalproject_Team5_ws/install/multirobotctrl/lib/python3.8/site-packages/multirobotctrl
copying /home/yahboom/Desktop/ROB2/finalproject_Team5_ws/build/multirobotctrl/build/lib/multirobotctrl/move_robot.py -> /home/yahboom/Desktop/ROB2/finalproject_Team5_ws/install/multirobotctrl/lib/python3.8/site-packages/multirobotctrl
copying /home/yahboom/Desktop/ROB2/finalproject_Team5_ws/build/multirobotctrl/build/lib/multirobotctrl/agreement_algo.py -> /home/yahboom/Desktop/ROB2/finalproject_Team5_ws/install/multirobotctrl/lib/python3.8/site-packages/multirobotctrl
copying /home/yahboom/Desktop/ROB2/finalproject_Team5_ws/build/multirobotctrl/build/lib/multirobotctrl/__init__.py -> /home/yahboom/Desktop/ROB2/finalproject_Team5_ws/install/multirobotctrl/lib/python3.8/site-packages/multirobotctrl
byte-compiling /home/yahboom/Desktop/ROB2/finalproject_Team5_ws/install/multirobotctrl/lib/python3.8/site-packages/multirobotctrl/move_robot.py to move_robot.cpython-38.pyc
byte-compiling /home/yahboom/Desktop/ROB2/finalproject_Team5_ws/install/multirobotctrl/lib/python3.8/site-packages/multirobotctrl/agreement_algo.py to agreement_algo.cpython-38.pyc
byte-compiling /home/yahboom/Desktop/ROB2/finalproject_Team5_ws/install/multirobotctrl/lib/python3.8/site-packages/multirobotctrl/__init__.py to __init__.cpython-38.pyc
running install_data
creating /home/yahboom/Desktop/ROB2/finalproject_Team5_ws/install/multirobotctrl/share/ament_index
creating /home/yahboom/Desktop/ROB2/finalproject_Team5_ws/install/multirobotctrl/share/ament_index/resource_index
creating /home/yahboom/Desktop/ROB2/finalproject_Team5_ws/install/multirobotctrl/share/ament_index/resource_index/packages
copying resource/multirobotctrl -> /home/yahboom/Desktop/ROB2/finalproject_Team5_ws/install/multirobotctrl/share/ament_index/resource_index/packages
copying package.xml -> /home/yahboom/Desktop/ROB2/finalproject_Team5_ws/install/multirobotctrl/share/multirobotctrl
running install_egg_info
Copying ../../build/multirobotctrl/multirobotctrl.egg-info to /home/yahboom/Desktop/ROB2/finalproject_Team5_ws/install/multirobotctrl/lib/python3.8/site-packages/multirobotctrl-0.0.0-py3.8.egg-info
running install_scripts
Installing coordinate_ctrl script to /home/yahboom/Desktop/ROB2/finalproject_Team5_ws/install/multirobotctrl/lib/multirobotctrl
Installing go_to_start_pos script to /home/yahboom/Desktop/ROB2/finalproject_Team5_ws/install/multirobotctrl/lib/multirobotctrl
writing list of installed files to '/home/yahboom/Desktop/ROB2/finalproject_Team5_ws/build/multirobotctrl/install.log'
