[0.139s] DEBUG:colcon:Command line arguments: ['/usr/bin/colcon', 'build', '--packages-select', 'multirobotctrl']
[0.139s] DEBUG:colcon:Parsed command line arguments: Namespace(allow_overriding=[], ament_cmake_args=None, base_paths=['.'], build_base='build', catkin_cmake_args=None, catkin_skip_building_tests=False, cmake_args=None, cmake_clean_cache=False, cmake_clean_first=False, cmake_force_configure=False, cmake_target=None, cmake_target_skip_unavailable=False, continue_on_error=False, event_handlers=None, executor='parallel', ignore_user_meta=False, install_base='install', log_base=None, log_level=None, main=<bound method BuildVerb.main of <colcon_core.verb.build.BuildVerb object at 0x7fecfbf609a0>>, merge_install=False, metas=['./colcon.meta'], packages_above=None, packages_above_and_dependencies=None, packages_above_depth=None, packages_end=None, packages_ignore=None, packages_ignore_regex=None, packages_select=['multirobotctrl'], packages_select_build_failed=False, packages_select_by_dep=None, packages_select_regex=None, packages_select_test_failures=False, packages_skip=None, packages_skip_build_finished=False, packages_skip_by_dep=None, packages_skip_regex=None, packages_skip_test_passed=False, packages_skip_up_to=None, packages_start=None, packages_up_to=None, packages_up_to_regex=None, parallel_workers=4, paths=None, symlink_install=False, test_result_base=None, verb_extension=<colcon_core.verb.build.BuildVerb object at 0x7fecfbf609a0>, verb_name='build', verb_parser=<colcon_defaults.argument_parser.defaults.DefaultArgumentsDecorator object at 0x7fecfbf60df0>)
[0.254s] Level 1:colcon.colcon_core.package_discovery:discover_packages(colcon_meta) check parameters
[0.254s] Level 1:colcon.colcon_core.package_discovery:discover_packages(recursive) check parameters
[0.254s] Level 1:colcon.colcon_core.package_discovery:discover_packages(ignore) check parameters
[0.254s] Level 1:colcon.colcon_core.package_discovery:discover_packages(path) check parameters
[0.254s] Level 1:colcon.colcon_core.package_discovery:discover_packages(colcon_meta) discover
[0.254s] Level 1:colcon.colcon_core.package_discovery:discover_packages(recursive) discover
[0.254s] INFO:colcon.colcon_core.package_discovery:Crawling recursively for packages in '/home/yahboom/RoboticsII_final/finalproject_Team5_ws'
[0.255s] Level 1:colcon.colcon_core.package_identification:_identify(.) by extensions ['ignore', 'ignore_ament_install']
[0.255s] Level 1:colcon.colcon_core.package_identification:_identify(.) by extension 'ignore'
[0.255s] Level 1:colcon.colcon_core.package_identification:_identify(.) by extension 'ignore_ament_install'
[0.255s] Level 1:colcon.colcon_core.package_identification:_identify(.) by extensions ['colcon_pkg']
[0.255s] Level 1:colcon.colcon_core.package_identification:_identify(.) by extension 'colcon_pkg'
[0.255s] Level 1:colcon.colcon_core.package_identification:_identify(.) by extensions ['colcon_meta']
[0.255s] Level 1:colcon.colcon_core.package_identification:_identify(.) by extension 'colcon_meta'
[0.255s] Level 1:colcon.colcon_core.package_identification:_identify(.) by extensions ['ros']
[0.255s] Level 1:colcon.colcon_core.package_identification:_identify(.) by extension 'ros'
[0.264s] Level 1:colcon.colcon_core.package_identification:_identify(.) by extensions ['cmake', 'python']
[0.264s] Level 1:colcon.colcon_core.package_identification:_identify(.) by extension 'cmake'
[0.264s] Level 1:colcon.colcon_core.package_identification:_identify(.) by extension 'python'
[0.264s] Level 1:colcon.colcon_core.package_identification:_identify(.) by extensions ['python_setup_py']
[0.264s] Level 1:colcon.colcon_core.package_identification:_identify(.) by extension 'python_setup_py'
[0.264s] Level 1:colcon.colcon_core.package_identification:_identify(build) by extensions ['ignore', 'ignore_ament_install']
[0.264s] Level 1:colcon.colcon_core.package_identification:_identify(build) by extension 'ignore'
[0.264s] Level 1:colcon.colcon_core.package_identification:_identify(build) ignored
[0.264s] Level 1:colcon.colcon_core.package_identification:_identify(install) by extensions ['ignore', 'ignore_ament_install']
[0.264s] Level 1:colcon.colcon_core.package_identification:_identify(install) by extension 'ignore'
[0.264s] Level 1:colcon.colcon_core.package_identification:_identify(install) ignored
[0.264s] Level 1:colcon.colcon_core.package_identification:_identify(log) by extensions ['ignore', 'ignore_ament_install']
[0.264s] Level 1:colcon.colcon_core.package_identification:_identify(log) by extension 'ignore'
[0.264s] Level 1:colcon.colcon_core.package_identification:_identify(log) ignored
[0.264s] Level 1:colcon.colcon_core.package_identification:_identify(src) by extensions ['ignore', 'ignore_ament_install']
[0.264s] Level 1:colcon.colcon_core.package_identification:_identify(src) by extension 'ignore'
[0.264s] Level 1:colcon.colcon_core.package_identification:_identify(src) by extension 'ignore_ament_install'
[0.265s] Level 1:colcon.colcon_core.package_identification:_identify(src) by extensions ['colcon_pkg']
[0.265s] Level 1:colcon.colcon_core.package_identification:_identify(src) by extension 'colcon_pkg'
[0.265s] Level 1:colcon.colcon_core.package_identification:_identify(src) by extensions ['colcon_meta']
[0.265s] Level 1:colcon.colcon_core.package_identification:_identify(src) by extension 'colcon_meta'
[0.265s] Level 1:colcon.colcon_core.package_identification:_identify(src) by extensions ['ros']
[0.265s] Level 1:colcon.colcon_core.package_identification:_identify(src) by extension 'ros'
[0.265s] Level 1:colcon.colcon_core.package_identification:_identify(src) by extensions ['cmake', 'python']
[0.265s] Level 1:colcon.colcon_core.package_identification:_identify(src) by extension 'cmake'
[0.265s] Level 1:colcon.colcon_core.package_identification:_identify(src) by extension 'python'
[0.265s] Level 1:colcon.colcon_core.package_identification:_identify(src) by extensions ['python_setup_py']
[0.265s] Level 1:colcon.colcon_core.package_identification:_identify(src) by extension 'python_setup_py'
[0.265s] Level 1:colcon.colcon_core.package_identification:_identify(src/multirobotctrl) by extensions ['ignore', 'ignore_ament_install']
[0.265s] Level 1:colcon.colcon_core.package_identification:_identify(src/multirobotctrl) by extension 'ignore'
[0.265s] Level 1:colcon.colcon_core.package_identification:_identify(src/multirobotctrl) by extension 'ignore_ament_install'
[0.265s] Level 1:colcon.colcon_core.package_identification:_identify(src/multirobotctrl) by extensions ['colcon_pkg']
[0.265s] Level 1:colcon.colcon_core.package_identification:_identify(src/multirobotctrl) by extension 'colcon_pkg'
[0.265s] Level 1:colcon.colcon_core.package_identification:_identify(src/multirobotctrl) by extensions ['colcon_meta']
[0.265s] Level 1:colcon.colcon_core.package_identification:_identify(src/multirobotctrl) by extension 'colcon_meta'
[0.265s] Level 1:colcon.colcon_core.package_identification:_identify(src/multirobotctrl) by extensions ['ros']
[0.265s] Level 1:colcon.colcon_core.package_identification:_identify(src/multirobotctrl) by extension 'ros'
[0.267s] DEBUG:colcon.colcon_core.package_identification:Package 'src/multirobotctrl' with type 'ros.ament_python' and name 'multirobotctrl'
[0.267s] Level 1:colcon.colcon_core.package_discovery:discover_packages(recursive) using defaults
[0.267s] Level 1:colcon.colcon_core.package_discovery:discover_packages(ignore) discover
[0.267s] Level 1:colcon.colcon_core.package_discovery:discover_packages(ignore) using defaults
[0.267s] Level 1:colcon.colcon_core.package_discovery:discover_packages(path) discover
[0.267s] Level 1:colcon.colcon_core.package_discovery:discover_packages(path) using defaults
[0.279s] Level 1:colcon.colcon_core.package_discovery:discover_packages(prefix_path) check parameters
[0.279s] Level 1:colcon.colcon_core.package_discovery:discover_packages(prefix_path) discover
[0.282s] DEBUG:colcon.colcon_installed_package_information.package_discovery:Found 1 installed packages in /home/yahboom/RoboticsII_final/finalproject_Team5_ws/install
[0.283s] DEBUG:colcon.colcon_installed_package_information.package_discovery:Found 10 installed packages in /home/yahboom/yahboomcar_ros2_ws/software/library_ws/install
[0.283s] DEBUG:colcon.colcon_installed_package_information.package_discovery:Found 20 installed packages in /home/yahboom/yahboomcar_ros2_ws/yahboomcar_ws/install
[0.286s] DEBUG:colcon.colcon_installed_package_information.package_discovery:Found 348 installed packages in /opt/ros/foxy
[0.295s] Level 1:colcon.colcon_core.package_discovery:discover_packages(prefix_path) using defaults
[0.349s] Level 5:colcon.colcon_core.verb:set package 'multirobotctrl' build argument 'cmake_args' from command line to 'None'
[0.349s] Level 5:colcon.colcon_core.verb:set package 'multirobotctrl' build argument 'cmake_target' from command line to 'None'
[0.349s] Level 5:colcon.colcon_core.verb:set package 'multirobotctrl' build argument 'cmake_target_skip_unavailable' from command line to 'False'
[0.349s] Level 5:colcon.colcon_core.verb:set package 'multirobotctrl' build argument 'cmake_clean_cache' from command line to 'False'
[0.349s] Level 5:colcon.colcon_core.verb:set package 'multirobotctrl' build argument 'cmake_clean_first' from command line to 'False'
[0.349s] Level 5:colcon.colcon_core.verb:set package 'multirobotctrl' build argument 'cmake_force_configure' from command line to 'False'
[0.349s] Level 5:colcon.colcon_core.verb:set package 'multirobotctrl' build argument 'ament_cmake_args' from command line to 'None'
[0.349s] Level 5:colcon.colcon_core.verb:set package 'multirobotctrl' build argument 'catkin_cmake_args' from command line to 'None'
[0.349s] Level 5:colcon.colcon_core.verb:set package 'multirobotctrl' build argument 'catkin_skip_building_tests' from command line to 'False'
[0.349s] DEBUG:colcon.colcon_core.verb:Building package 'multirobotctrl' with the following arguments: {'ament_cmake_args': None, 'build_base': '/home/yahboom/RoboticsII_final/finalproject_Team5_ws/build/multirobotctrl', 'catkin_cmake_args': None, 'catkin_skip_building_tests': False, 'cmake_args': None, 'cmake_clean_cache': False, 'cmake_clean_first': False, 'cmake_force_configure': False, 'cmake_target': None, 'cmake_target_skip_unavailable': False, 'install_base': '/home/yahboom/RoboticsII_final/finalproject_Team5_ws/install/multirobotctrl', 'merge_install': False, 'path': '/home/yahboom/RoboticsII_final/finalproject_Team5_ws/src/multirobotctrl', 'symlink_install': False, 'test_result_base': None}
[0.349s] INFO:colcon.colcon_core.executor:Executing jobs using 'parallel' executor
[0.350s] DEBUG:colcon.colcon_parallel_executor.executor.parallel:run_until_complete
[0.351s] INFO:colcon.colcon_ros.task.ament_python.build:Building ROS package in '/home/yahboom/RoboticsII_final/finalproject_Team5_ws/src/multirobotctrl' with build type 'ament_python'
[0.351s] Level 1:colcon.colcon_core.shell:create_environment_hook('multirobotctrl', 'ament_prefix_path')
[0.353s] INFO:colcon.colcon_core.plugin_system:Skipping extension 'colcon_core.shell.bat': Not used on non-Windows systems
[0.353s] INFO:colcon.colcon_core.shell:Creating environment hook '/home/yahboom/RoboticsII_final/finalproject_Team5_ws/install/multirobotctrl/share/multirobotctrl/hook/ament_prefix_path.ps1'
[0.353s] INFO:colcon.colcon_core.shell:Creating environment descriptor '/home/yahboom/RoboticsII_final/finalproject_Team5_ws/install/multirobotctrl/share/multirobotctrl/hook/ament_prefix_path.dsv'
[0.354s] INFO:colcon.colcon_core.shell:Creating environment hook '/home/yahboom/RoboticsII_final/finalproject_Team5_ws/install/multirobotctrl/share/multirobotctrl/hook/ament_prefix_path.sh'
[0.354s] INFO:colcon.colcon_core.shell:Skip shell extension 'powershell' for command environment: Not usable outside of PowerShell
[0.354s] DEBUG:colcon.colcon_core.shell:Skip shell extension 'dsv' for command environment
[0.557s] INFO:colcon.colcon_core.task.python.build:Building Python package in '/home/yahboom/RoboticsII_final/finalproject_Team5_ws/src/multirobotctrl'
[0.558s] INFO:colcon.colcon_core.shell:Skip shell extension 'powershell' for command environment: Not usable outside of PowerShell
[0.558s] DEBUG:colcon.colcon_core.shell:Skip shell extension 'dsv' for command environment
[0.904s] DEBUG:colcon.colcon_core.event_handler.log_command:Invoking command in '/home/yahboom/RoboticsII_final/finalproject_Team5_ws/src/multirobotctrl': PYTHONPATH=/home/yahboom/RoboticsII_final/finalproject_Team5_ws/build/multirobotctrl/prefix_override:/usr/lib/python3/dist-packages/colcon_core/task/python/colcon_distutils_commands:/home/yahboom/RoboticsII_final/finalproject_Team5_ws/install/multirobotctrl/lib/python3.8/site-packages:${PYTHONPATH} /usr/bin/python3 -W ignore:setup.py install is deprecated -W ignore:easy_install command is deprecated setup.py egg_info --egg-base ../../build/multirobotctrl build --build-base /home/yahboom/RoboticsII_final/finalproject_Team5_ws/build/multirobotctrl/build install --record /home/yahboom/RoboticsII_final/finalproject_Team5_ws/build/multirobotctrl/install.log --install-scripts $base/lib/multirobotctrl --single-version-externally-managed install_data
[1.171s] DEBUG:colcon.colcon_core.event_handler.log_command:Invoked command in '/home/yahboom/RoboticsII_final/finalproject_Team5_ws/src/multirobotctrl' returned '0': PYTHONPATH=/home/yahboom/RoboticsII_final/finalproject_Team5_ws/build/multirobotctrl/prefix_override:/usr/lib/python3/dist-packages/colcon_core/task/python/colcon_distutils_commands:/home/yahboom/RoboticsII_final/finalproject_Team5_ws/install/multirobotctrl/lib/python3.8/site-packages:${PYTHONPATH} /usr/bin/python3 -W ignore:setup.py install is deprecated -W ignore:easy_install command is deprecated setup.py egg_info --egg-base ../../build/multirobotctrl build --build-base /home/yahboom/RoboticsII_final/finalproject_Team5_ws/build/multirobotctrl/build install --record /home/yahboom/RoboticsII_final/finalproject_Team5_ws/build/multirobotctrl/install.log --install-scripts $base/lib/multirobotctrl --single-version-externally-managed install_data
[1.173s] Level 1:colcon.colcon_core.environment:checking '/home/yahboom/RoboticsII_final/finalproject_Team5_ws/install/multirobotctrl' for CMake module files
[1.173s] Level 1:colcon.colcon_core.environment:checking '/home/yahboom/RoboticsII_final/finalproject_Team5_ws/install/multirobotctrl' for CMake config files
[1.174s] Level 1:colcon.colcon_core.environment:checking '/home/yahboom/RoboticsII_final/finalproject_Team5_ws/install/multirobotctrl/lib'
[1.174s] Level 1:colcon.colcon_core.environment:checking '/home/yahboom/RoboticsII_final/finalproject_Team5_ws/install/multirobotctrl/bin'
[1.174s] Level 1:colcon.colcon_core.environment:checking '/home/yahboom/RoboticsII_final/finalproject_Team5_ws/install/multirobotctrl/lib/pkgconfig/multirobotctrl.pc'
[1.174s] Level 1:colcon.colcon_core.environment:checking '/home/yahboom/RoboticsII_final/finalproject_Team5_ws/install/multirobotctrl/lib/python3.8/site-packages'
[1.174s] Level 1:colcon.colcon_core.shell:create_environment_hook('multirobotctrl', 'pythonpath')
[1.175s] INFO:colcon.colcon_core.shell:Creating environment hook '/home/yahboom/RoboticsII_final/finalproject_Team5_ws/install/multirobotctrl/share/multirobotctrl/hook/pythonpath.ps1'
[1.175s] INFO:colcon.colcon_core.shell:Creating environment descriptor '/home/yahboom/RoboticsII_final/finalproject_Team5_ws/install/multirobotctrl/share/multirobotctrl/hook/pythonpath.dsv'
[1.176s] INFO:colcon.colcon_core.shell:Creating environment hook '/home/yahboom/RoboticsII_final/finalproject_Team5_ws/install/multirobotctrl/share/multirobotctrl/hook/pythonpath.sh'
[1.176s] Level 1:colcon.colcon_core.environment:checking '/home/yahboom/RoboticsII_final/finalproject_Team5_ws/install/multirobotctrl/bin'
[1.176s] Level 1:colcon.colcon_core.environment:create_environment_scripts_only(multirobotctrl)
[1.176s] INFO:colcon.colcon_core.shell:Creating package script '/home/yahboom/RoboticsII_final/finalproject_Team5_ws/install/multirobotctrl/share/multirobotctrl/package.ps1'
[1.177s] INFO:colcon.colcon_core.shell:Creating package descriptor '/home/yahboom/RoboticsII_final/finalproject_Team5_ws/install/multirobotctrl/share/multirobotctrl/package.dsv'
[1.177s] INFO:colcon.colcon_core.shell:Creating package script '/home/yahboom/RoboticsII_final/finalproject_Team5_ws/install/multirobotctrl/share/multirobotctrl/package.sh'
[1.178s] INFO:colcon.colcon_core.shell:Creating package script '/home/yahboom/RoboticsII_final/finalproject_Team5_ws/install/multirobotctrl/share/multirobotctrl/package.bash'
[1.179s] INFO:colcon.colcon_core.shell:Creating package script '/home/yahboom/RoboticsII_final/finalproject_Team5_ws/install/multirobotctrl/share/multirobotctrl/package.zsh'
[1.179s] Level 1:colcon.colcon_core.environment:create_file_with_runtime_dependencies(/home/yahboom/RoboticsII_final/finalproject_Team5_ws/install/multirobotctrl/share/colcon-core/packages/multirobotctrl)
[1.180s] DEBUG:colcon.colcon_parallel_executor.executor.parallel:closing loop
[1.180s] DEBUG:colcon.colcon_parallel_executor.executor.parallel:loop closed
[1.180s] DEBUG:colcon.colcon_parallel_executor.executor.parallel:run_until_complete finished with '0'
[1.181s] DEBUG:colcon.colcon_core.event_reactor:joining thread
[1.186s] INFO:colcon.colcon_core.plugin_system:Skipping extension 'colcon_notification.desktop_notification.terminal_notifier': Not used on non-Darwin systems
[1.186s] INFO:colcon.colcon_core.plugin_system:Skipping extension 'colcon_notification.desktop_notification.win32': Not used on non-Windows systems
[1.187s] INFO:colcon.colcon_notification.desktop_notification:Sending desktop notification using 'notify2'
[1.200s] DEBUG:colcon.colcon_core.event_reactor:joined thread
[1.201s] INFO:colcon.colcon_core.shell:Creating prefix script '/home/yahboom/RoboticsII_final/finalproject_Team5_ws/install/local_setup.ps1'
[1.201s] INFO:colcon.colcon_core.shell:Creating prefix util module '/home/yahboom/RoboticsII_final/finalproject_Team5_ws/install/_local_setup_util_ps1.py'
[1.202s] INFO:colcon.colcon_core.shell:Creating prefix chain script '/home/yahboom/RoboticsII_final/finalproject_Team5_ws/install/setup.ps1'
[1.205s] INFO:colcon.colcon_core.shell:Creating prefix script '/home/yahboom/RoboticsII_final/finalproject_Team5_ws/install/local_setup.sh'
[1.205s] INFO:colcon.colcon_core.shell:Creating prefix util module '/home/yahboom/RoboticsII_final/finalproject_Team5_ws/install/_local_setup_util_sh.py'
[1.206s] INFO:colcon.colcon_core.shell:Creating prefix chain script '/home/yahboom/RoboticsII_final/finalproject_Team5_ws/install/setup.sh'
[1.208s] INFO:colcon.colcon_core.shell:Creating prefix script '/home/yahboom/RoboticsII_final/finalproject_Team5_ws/install/local_setup.bash'
[1.209s] INFO:colcon.colcon_core.shell:Creating prefix chain script '/home/yahboom/RoboticsII_final/finalproject_Team5_ws/install/setup.bash'
[1.212s] INFO:colcon.colcon_core.shell:Creating prefix script '/home/yahboom/RoboticsII_final/finalproject_Team5_ws/install/local_setup.zsh'
[1.212s] INFO:colcon.colcon_core.shell:Creating prefix chain script '/home/yahboom/RoboticsII_final/finalproject_Team5_ws/install/setup.zsh'
